<?xml version="1.0" encoding="UTF-8"?>
<testng-results total="2" passed="2" failed="0" skipped="0">
  <reporter-output>
  </reporter-output>
  <suite started-at="2018-06-09T19:13:37Z" name="Suite" finished-at="2018-06-09T19:13:39Z" duration-ms="1656">
    <groups>
    </groups>
    <test started-at="2018-06-09T19:13:37Z" name="Test" finished-at="2018-06-09T19:13:39Z" duration-ms="1656">
      <class name="testCases.TradeConfirmationTest">
        <test-method is-config="true" signature="getData()" started-at="2018-06-09T19:13:37Z" name="getData" finished-at="2018-06-09T19:13:37Z" duration-ms="6" status="PASS">
        </test-method>
        <test-method signature="verify1()" started-at="2018-06-09T19:13:37Z" name="verify1" finished-at="2018-06-09T19:13:39Z" duration-ms="1596" status="PASS">
        </test-method>
        <test-method signature="verifyTradeConfirmation()" started-at="2018-06-09T19:13:39Z" name="verifyTradeConfirmation" finished-at="2018-06-09T19:13:39Z" duration-ms="50" status="PASS">
        </test-method>
      </class>
    </test>
  </suite>
</testng-results>
